
**** Build of configuration Debug for project GyroTest ****

"C:\\ti\\ccsv6\\utils\\bin\\gmake" -k all 
'Building file: ../motion.c'
'Invoking: ARM Compiler'
"C:/ti/ccsv6/tools/compiler/arm_5.2.8/bin/armcl" -mv7M4 --code_state=16 --float_support=FPv4SPD16 --abi=eabi -me -O2 --include_path="C:/ti/ccsv6/tools/compiler/arm_5.2.8/include" --include_path="C:/ti/TivaWare_C_Series-2.1.3.156/examples/boards/ek-tm4c123gxl-boostxl-senshub" --include_path="C:/ti/TivaWare_C_Series-2.1.3.156" --advice:power=all -g --gcc --define=ccs="ccs" --define=PART_TM4C123GH6PM --define=TARGET_IS_TM4C123_RB1 --define=UART_BUFFERED --diag_wrap=off --diag_warning=225 --display_error_number --gen_func_subsections=on --ual --preproc_with_compile --preproc_dependency="motion.d"  "../motion.c"
"../motion.c", line 793: remark #1527-D: (ULP 2.1) Detected SW delay loop using empty loop. Recommend using a timer module instead
"../motion.c", line 1019: warning #225-D: function "sleep" declared implicitly
"../motion.c", line 1016: remark #1532-D: (ULP 5.3) Detected sprintf() operation(s). Recommend moving them to RAM during run time or not using as these are processing/power intensive
"../motion.c", line 333 (col. 44): remark #1531-D: (ULP 5.2) Detected floating point operation(s). Recommend moving them to RAM during run time or not using as these are processing/power intensive
"../motion.c", line 349 (col. 41): remark #1531-D: (ULP 5.2) Detected floating point operation(s). Recommend moving them to RAM during run time or not using as these are processing/power intensive
"../motion.c", line 365 (col. 41): remark #1531-D: (ULP 5.2) Detected floating point operation(s). Recommend moving them to RAM during run time or not using as these are processing/power intensive
"../motion.c", line 366 (col. 40): remark #1531-D: (ULP 5.2) Detected floating point operation(s). Recommend moving them to RAM during run time or not using as these are processing/power intensive
"../motion.c", line 389 (col. 35): remark #1531-D: (ULP 5.2) Detected floating point operation(s). Recommend moving them to RAM during run time or not using as these are processing/power intensive
"../motion.c", line 390 (col. 35): remark #1531-D: (ULP 5.2) Detected floating point operation(s). Recommend moving them to RAM during run time or not using as these are processing/power intensive
"../motion.c", line 434 (col. 39): remark #1531-D: (ULP 5.2) Detected floating point operation(s). Recommend moving them to RAM during run time or not using as these are processing/power intensive
"../motion.c", line 453 (col. 34): remark #1531-D: (ULP 5.2) Detected floating point operation(s). Recommend moving them to RAM during run time or not using as these are processing/power intensive
"../motion.c", line 470 (col. 36): remark #1531-D: (ULP 5.2) Detected floating point operation(s). Recommend moving them to RAM during run time or not using as these are processing/power intensive
"../motion.c", line 1016 (col. 20): remark #1531-D: (ULP 5.2) Detected floating point operation(s). Recommend moving them to RAM during run time or not using as these are processing/power intensive
'Finished building: ../motion.c'
' '
'Building target: GyroTest.out'
'Invoking: ARM Linker'
"C:/ti/ccsv6/tools/compiler/arm_5.2.8/bin/armcl" -mv7M4 --code_state=16 --float_support=FPv4SPD16 --abi=eabi -me -O2 --advice:power=all -g --gcc --define=ccs="ccs" --define=PART_TM4C123GH6PM --define=TARGET_IS_TM4C123_RB1 --define=UART_BUFFERED --diag_wrap=off --diag_warning=225 --display_error_number --gen_func_subsections=on --ual -z -m"airmouse_ccs.map" --heap_size=0 --stack_size=16384 -i"C:/ti/ccsv6/tools/compiler/arm_5.2.8/lib" -i"C:/ti/ccsv6/tools/compiler/arm_5.2.8/include" --reread_libs --display_error_number --diag_wrap=off --warn_sections --xml_link_info="GyroTest_linkInfo.xml" --rom_model -o "GyroTest.out" "./airmouse.obj" "./motion.obj" "./remoti_uart.obj" "./startup_ccs.obj" "./drivers/buttons.obj" "./drivers/rgb.obj" "./utils/ringbuf.obj" "./utils/uartstdio.obj" "../airmouse_ccs.cmd"  -llibc.a -l"C:/ti/TivaWare_C_Series-2.1.3.156/driverlib/ccs/Debug/driverlib.lib" -l"C:/ti/TivaWare_C_Series-2.1.3.156/usblib/ccs/Debug/usblib.lib" -l"C:/ti/TivaWare_C_Series-2.1.3.156/sensorlib/ccs/Debug/sensorlib.lib" 
<Linking>

remark #10371-D: (ULP 1.1) Detected no uses of low power mode state changing instructions
 undefined first referenced

>> Compilation failure
makefile:154: recipe for target 'GyroTest.out' failed
  symbol       in file     
 --------- ----------------
 sleep     ./motion.obj    

error #10234-D: unresolved symbols remain
error #10010: errors encountered during linking; "GyroTest.out" not built
gmake: *** [GyroTest.out] Error 1
gmake: Target 'all' not remade because of errors.

**** Build Finished ****

**** Build of configuration Debug for project GyroTest ****

"C:\\ti\\ccsv6\\utils\\bin\\gmake" -k all 
'Building file: ../motion.c'
'Invoking: ARM Compiler'
"C:/ti/ccsv6/tools/compiler/arm_5.2.8/bin/armcl" -mv7M4 --code_state=16 --float_support=FPv4SPD16 --abi=eabi -me -O2 --include_path="C:/ti/ccsv6/tools/compiler/arm_5.2.8/include" --include_path="C:/ti/TivaWare_C_Series-2.1.3.156/examples/boards/ek-tm4c123gxl-boostxl-senshub" --include_path="C:/ti/TivaWare_C_Series-2.1.3.156" --advice:power=all -g --gcc --define=ccs="ccs" --define=PART_TM4C123GH6PM --define=TARGET_IS_TM4C123_RB1 --define=UART_BUFFERED --diag_wrap=off --diag_warning=225 --display_error_number --gen_func_subsections=on --ual --preproc_with_compile --preproc_dependency="motion.d"  "../motion.c"

>> Compilation failure
subdir_rules.mk:14: recipe for target 'motion.obj' failed
"../motion.c", line 793: remark #1527-D: (ULP 2.1) Detected SW delay loop using empty loop. Recommend using a timer module instead
"../motion.c", line 1019: error #29: expected an expression
"../motion.c", line 1019: error #20: identifier "i" is undefined
"../motion.c", line 1016: remark #1532-D: (ULP 5.3) Detected sprintf() operation(s). Recommend moving them to RAM during run time or not using as these are processing/power intensive
"../motion.c", line 1019: remark #1527-D: (ULP 2.1) Detected SW delay loop using empty loop. Recommend using a timer module instead
"../motion.c", line 1019: remark #1527-D: (ULP 2.1) Detected SW delay loop using empty loop. Recommend using a timer module instead
2 errors detected in the compilation of "../motion.c".
gmake: *** [motion.obj] Error 1
gmake: Target 'all' not remade because of errors.

**** Build Finished ****

**** Build of configuration Debug for project GyroTest ****

"C:\\ti\\ccsv6\\utils\\bin\\gmake" -k all 
'Building file: ../motion.c'
'Invoking: ARM Compiler'
"C:/ti/ccsv6/tools/compiler/arm_5.2.8/bin/armcl" -mv7M4 --code_state=16 --float_support=FPv4SPD16 --abi=eabi -me -O2 --include_path="C:/ti/ccsv6/tools/compiler/arm_5.2.8/include" --include_path="C:/ti/TivaWare_C_Series-2.1.3.156/examples/boards/ek-tm4c123gxl-boostxl-senshub" --include_path="C:/ti/TivaWare_C_Series-2.1.3.156" --advice:power=all -g --gcc --define=ccs="ccs" --define=PART_TM4C123GH6PM --define=TARGET_IS_TM4C123_RB1 --define=UART_BUFFERED --diag_wrap=off --diag_warning=225 --display_error_number --gen_func_subsections=on --ual --preproc_with_compile --preproc_dependency="motion.d"  "../motion.c"
"../motion.c", line 793: remark #1527-D: (ULP 2.1) Detected SW delay loop using empty loop. Recommend using a timer module instead
"../motion.c", line 1016: remark #1532-D: (ULP 5.3) Detected sprintf() operation(s). Recommend moving them to RAM during run time or not using as these are processing/power intensive
"../motion.c", line 1020: remark #1527-D: (ULP 2.1) Detected SW delay loop using empty loop. Recommend using a timer module instead
"../motion.c", line 1020: remark #1527-D: (ULP 2.1) Detected SW delay loop using empty loop. Recommend using a timer module instead
"../motion.c", line 333 (col. 44): remark #1531-D: (ULP 5.2) Detected floating point operation(s). Recommend moving them to RAM during run time or not using as these are processing/power intensive
"../motion.c", line 349 (col. 41): remark #1531-D: (ULP 5.2) Detected floating point operation(s). Recommend moving them to RAM during run time or not using as these are processing/power intensive
"../motion.c", line 365 (col. 41): remark #1531-D: (ULP 5.2) Detected floating point operation(s). Recommend moving them to RAM during run time or not using as these are processing/power intensive
"../motion.c", line 366 (col. 40): remark #1531-D: (ULP 5.2) Detected floating point operation(s). Recommend moving them to RAM during run time or not using as these are processing/power intensive
"../motion.c", line 389 (col. 35): remark #1531-D: (ULP 5.2) Detected floating point operation(s). Recommend moving them to RAM during run time or not using as these are processing/power intensive
"../motion.c", line 390 (col. 35): remark #1531-D: (ULP 5.2) Detected floating point operation(s). Recommend moving them to RAM during run time or not using as these are processing/power intensive
"../motion.c", line 434 (col. 39): remark #1531-D: (ULP 5.2) Detected floating point operation(s). Recommend moving them to RAM during run time or not using as these are processing/power intensive
"../motion.c", line 453 (col. 34): remark #1531-D: (ULP 5.2) Detected floating point operation(s). Recommend moving them to RAM during run time or not using as these are processing/power intensive
"../motion.c", line 470 (col. 36): remark #1531-D: (ULP 5.2) Detected floating point operation(s). Recommend moving them to RAM during run time or not using as these are processing/power intensive
"../motion.c", line 1016 (col. 20): remark #1531-D: (ULP 5.2) Detected floating point operation(s). Recommend moving them to RAM during run time or not using as these are processing/power intensive
'Finished building: ../motion.c'
' '
'Building target: GyroTest.out'
'Invoking: ARM Linker'
"C:/ti/ccsv6/tools/compiler/arm_5.2.8/bin/armcl" -mv7M4 --code_state=16 --float_support=FPv4SPD16 --abi=eabi -me -O2 --advice:power=all -g --gcc --define=ccs="ccs" --define=PART_TM4C123GH6PM --define=TARGET_IS_TM4C123_RB1 --define=UART_BUFFERED --diag_wrap=off --diag_warning=225 --display_error_number --gen_func_subsections=on --ual -z -m"airmouse_ccs.map" --heap_size=0 --stack_size=16384 -i"C:/ti/ccsv6/tools/compiler/arm_5.2.8/lib" -i"C:/ti/ccsv6/tools/compiler/arm_5.2.8/include" --reread_libs --display_error_number --diag_wrap=off --warn_sections --xml_link_info="GyroTest_linkInfo.xml" --rom_model -o "GyroTest.out" "./airmouse.obj" "./motion.obj" "./remoti_uart.obj" "./startup_ccs.obj" "./drivers/buttons.obj" "./drivers/rgb.obj" "./utils/ringbuf.obj" "./utils/uartstdio.obj" "../airmouse_ccs.cmd"  -llibc.a -l"C:/ti/TivaWare_C_Series-2.1.3.156/driverlib/ccs/Debug/driverlib.lib" -l"C:/ti/TivaWare_C_Series-2.1.3.156/usblib/ccs/Debug/usblib.lib" -l"C:/ti/TivaWare_C_Series-2.1.3.156/sensorlib/ccs/Debug/sensorlib.lib" 
<Linking>
remark #10371-D: (ULP 1.1) Detected no uses of low power mode state changing instructions
'Finished building target: GyroTest.out'
' '
"C:/ti/ccsv6/utils/tiobj2bin/tiobj2bin" "GyroTest.out" "GyroTest.bin" "C:/ti/ccsv6/tools/compiler/arm_5.2.8/bin/armofd" "C:/ti/ccsv6/tools/compiler/arm_5.2.8/bin/armhex" "C:/ti/ccsv6/utils/tiobj2bin/mkhex4bin"
' '

**** Build Finished ****

**** Build of configuration Debug for project GyroTest ****

"C:\\ti\\ccsv6\\utils\\bin\\gmake" -k all 
'Building file: ../motion.c'
'Invoking: ARM Compiler'
"C:/ti/ccsv6/tools/compiler/arm_5.2.8/bin/armcl" -mv7M4 --code_state=16 --float_support=FPv4SPD16 --abi=eabi -me -O2 --include_path="C:/ti/ccsv6/tools/compiler/arm_5.2.8/include" --include_path="C:/ti/TivaWare_C_Series-2.1.3.156/examples/boards/ek-tm4c123gxl-boostxl-senshub" --include_path="C:/ti/TivaWare_C_Series-2.1.3.156" --advice:power=all -g --gcc --define=ccs="ccs" --define=PART_TM4C123GH6PM --define=TARGET_IS_TM4C123_RB1 --define=UART_BUFFERED --diag_wrap=off --diag_warning=225 --display_error_number --gen_func_subsections=on --ual --preproc_with_compile --preproc_dependency="motion.d"  "../motion.c"
"../motion.c", line 793: remark #1527-D: (ULP 2.1) Detected SW delay loop using empty loop. Recommend using a timer module instead
"../motion.c", line 1016: remark #1532-D: (ULP 5.3) Detected sprintf() operation(s). Recommend moving them to RAM during run time or not using as these are processing/power intensive
"../motion.c", line 1020: remark #1527-D: (ULP 2.1) Detected SW delay loop using empty loop. Recommend using a timer module instead
"../motion.c", line 1020: remark #1527-D: (ULP 2.1) Detected SW delay loop using empty loop. Recommend using a timer module instead
"../motion.c", line 333 (col. 44): remark #1531-D: (ULP 5.2) Detected floating point operation(s). Recommend moving them to RAM during run time or not using as these are processing/power intensive
"../motion.c", line 349 (col. 41): remark #1531-D: (ULP 5.2) Detected floating point operation(s). Recommend moving them to RAM during run time or not using as these are processing/power intensive
"../motion.c", line 365 (col. 41): remark #1531-D: (ULP 5.2) Detected floating point operation(s). Recommend moving them to RAM during run time or not using as these are processing/power intensive
"../motion.c", line 366 (col. 40): remark #1531-D: (ULP 5.2) Detected floating point operation(s). Recommend moving them to RAM during run time or not using as these are processing/power intensive
"../motion.c", line 389 (col. 35): remark #1531-D: (ULP 5.2) Detected floating point operation(s). Recommend moving them to RAM during run time or not using as these are processing/power intensive
"../motion.c", line 390 (col. 35): remark #1531-D: (ULP 5.2) Detected floating point operation(s). Recommend moving them to RAM during run time or not using as these are processing/power intensive
"../motion.c", line 434 (col. 39): remark #1531-D: (ULP 5.2) Detected floating point operation(s). Recommend moving them to RAM during run time or not using as these are processing/power intensive
"../motion.c", line 453 (col. 34): remark #1531-D: (ULP 5.2) Detected floating point operation(s). Recommend moving them to RAM during run time or not using as these are processing/power intensive
"../motion.c", line 470 (col. 36): remark #1531-D: (ULP 5.2) Detected floating point operation(s). Recommend moving them to RAM during run time or not using as these are processing/power intensive
"../motion.c", line 1016 (col. 20): remark #1531-D: (ULP 5.2) Detected floating point operation(s). Recommend moving them to RAM during run time or not using as these are processing/power intensive
'Finished building: ../motion.c'
' '
'Building target: GyroTest.out'
'Invoking: ARM Linker'
"C:/ti/ccsv6/tools/compiler/arm_5.2.8/bin/armcl" -mv7M4 --code_state=16 --float_support=FPv4SPD16 --abi=eabi -me -O2 --advice:power=all -g --gcc --define=ccs="ccs" --define=PART_TM4C123GH6PM --define=TARGET_IS_TM4C123_RB1 --define=UART_BUFFERED --diag_wrap=off --diag_warning=225 --display_error_number --gen_func_subsections=on --ual -z -m"airmouse_ccs.map" --heap_size=0 --stack_size=16384 -i"C:/ti/ccsv6/tools/compiler/arm_5.2.8/lib" -i"C:/ti/ccsv6/tools/compiler/arm_5.2.8/include" --reread_libs --display_error_number --diag_wrap=off --warn_sections --xml_link_info="GyroTest_linkInfo.xml" --rom_model -o "GyroTest.out" "./airmouse.obj" "./motion.obj" "./remoti_uart.obj" "./startup_ccs.obj" "./drivers/buttons.obj" "./drivers/rgb.obj" "./utils/ringbuf.obj" "./utils/uartstdio.obj" "../airmouse_ccs.cmd"  -llibc.a -l"C:/ti/TivaWare_C_Series-2.1.3.156/driverlib/ccs/Debug/driverlib.lib" -l"C:/ti/TivaWare_C_Series-2.1.3.156/usblib/ccs/Debug/usblib.lib" -l"C:/ti/TivaWare_C_Series-2.1.3.156/sensorlib/ccs/Debug/sensorlib.lib" 
<Linking>
remark #10371-D: (ULP 1.1) Detected no uses of low power mode state changing instructions
'Finished building target: GyroTest.out'
' '
"C:/ti/ccsv6/utils/tiobj2bin/tiobj2bin" "GyroTest.out" "GyroTest.bin" "C:/ti/ccsv6/tools/compiler/arm_5.2.8/bin/armofd" "C:/ti/ccsv6/tools/compiler/arm_5.2.8/bin/armhex" "C:/ti/ccsv6/utils/tiobj2bin/mkhex4bin"
' '

**** Build Finished ****

**** Build of configuration Debug for project GyroTest ****

"C:\\ti\\ccsv6\\utils\\bin\\gmake" -k all 
gmake: Nothing to be done for 'all'.

**** Build Finished ****

**** Build of configuration Debug for project GyroTest ****

"C:\\ti\\ccsv6\\utils\\bin\\gmake" -k all 
'Building file: ../motion.c'
'Invoking: ARM Compiler'
"C:/ti/ccsv6/tools/compiler/arm_5.2.8/bin/armcl" -mv7M4 --code_state=16 --float_support=FPv4SPD16 --abi=eabi -me -O2 --include_path="C:/ti/ccsv6/tools/compiler/arm_5.2.8/include" --include_path="C:/ti/TivaWare_C_Series-2.1.3.156/examples/boards/ek-tm4c123gxl-boostxl-senshub" --include_path="C:/ti/TivaWare_C_Series-2.1.3.156" --advice:power=all -g --gcc --define=ccs="ccs" --define=PART_TM4C123GH6PM --define=TARGET_IS_TM4C123_RB1 --define=UART_BUFFERED --diag_wrap=off --diag_warning=225 --display_error_number --gen_func_subsections=on --ual --preproc_with_compile --preproc_dependency="motion.d"  "../motion.c"
"../motion.c", line 793: remark #1527-D: (ULP 2.1) Detected SW delay loop using empty loop. Recommend using a timer module instead
"../motion.c", line 1016: remark #1532-D: (ULP 5.3) Detected sprintf() operation(s). Recommend moving them to RAM during run time or not using as these are processing/power intensive
"../motion.c", line 1020: remark #1527-D: (ULP 2.1) Detected SW delay loop using empty loop. Recommend using a timer module instead
"../motion.c", line 1020: remark #1527-D: (ULP 2.1) Detected SW delay loop using empty loop. Recommend using a timer module instead
"../motion.c", line 333 (col. 44): remark #1531-D: (ULP 5.2) Detected floating point operation(s). Recommend moving them to RAM during run time or not using as these are processing/power intensive
"../motion.c", line 349 (col. 41): remark #1531-D: (ULP 5.2) Detected floating point operation(s). Recommend moving them to RAM during run time or not using as these are processing/power intensive
"../motion.c", line 365 (col. 41): remark #1531-D: (ULP 5.2) Detected floating point operation(s). Recommend moving them to RAM during run time or not using as these are processing/power intensive
"../motion.c", line 366 (col. 40): remark #1531-D: (ULP 5.2) Detected floating point operation(s). Recommend moving them to RAM during run time or not using as these are processing/power intensive
"../motion.c", line 389 (col. 35): remark #1531-D: (ULP 5.2) Detected floating point operation(s). Recommend moving them to RAM during run time or not using as these are processing/power intensive
"../motion.c", line 390 (col. 35): remark #1531-D: (ULP 5.2) Detected floating point operation(s). Recommend moving them to RAM during run time or not using as these are processing/power intensive
"../motion.c", line 434 (col. 39): remark #1531-D: (ULP 5.2) Detected floating point operation(s). Recommend moving them to RAM during run time or not using as these are processing/power intensive
"../motion.c", line 453 (col. 34): remark #1531-D: (ULP 5.2) Detected floating point operation(s). Recommend moving them to RAM during run time or not using as these are processing/power intensive
"../motion.c", line 470 (col. 36): remark #1531-D: (ULP 5.2) Detected floating point operation(s). Recommend moving them to RAM during run time or not using as these are processing/power intensive
"../motion.c", line 1016 (col. 20): remark #1531-D: (ULP 5.2) Detected floating point operation(s). Recommend moving them to RAM during run time or not using as these are processing/power intensive
'Finished building: ../motion.c'
' '
'Building target: GyroTest.out'
'Invoking: ARM Linker'
"C:/ti/ccsv6/tools/compiler/arm_5.2.8/bin/armcl" -mv7M4 --code_state=16 --float_support=FPv4SPD16 --abi=eabi -me -O2 --advice:power=all -g --gcc --define=ccs="ccs" --define=PART_TM4C123GH6PM --define=TARGET_IS_TM4C123_RB1 --define=UART_BUFFERED --diag_wrap=off --diag_warning=225 --display_error_number --gen_func_subsections=on --ual -z -m"airmouse_ccs.map" --heap_size=0 --stack_size=16384 -i"C:/ti/ccsv6/tools/compiler/arm_5.2.8/lib" -i"C:/ti/ccsv6/tools/compiler/arm_5.2.8/include" --reread_libs --display_error_number --diag_wrap=off --warn_sections --xml_link_info="GyroTest_linkInfo.xml" --rom_model -o "GyroTest.out" "./airmouse.obj" "./motion.obj" "./remoti_uart.obj" "./startup_ccs.obj" "./drivers/buttons.obj" "./drivers/rgb.obj" "./utils/ringbuf.obj" "./utils/uartstdio.obj" "../airmouse_ccs.cmd"  -llibc.a -l"C:/ti/TivaWare_C_Series-2.1.3.156/driverlib/ccs/Debug/driverlib.lib" -l"C:/ti/TivaWare_C_Series-2.1.3.156/usblib/ccs/Debug/usblib.lib" -l"C:/ti/TivaWare_C_Series-2.1.3.156/sensorlib/ccs/Debug/sensorlib.lib" 
<Linking>
remark #10371-D: (ULP 1.1) Detected no uses of low power mode state changing instructions
'Finished building target: GyroTest.out'
' '
"C:/ti/ccsv6/utils/tiobj2bin/tiobj2bin" "GyroTest.out" "GyroTest.bin" "C:/ti/ccsv6/tools/compiler/arm_5.2.8/bin/armofd" "C:/ti/ccsv6/tools/compiler/arm_5.2.8/bin/armhex" "C:/ti/ccsv6/utils/tiobj2bin/mkhex4bin"
' '

**** Build Finished ****

**** Build of configuration Debug for project GyroTest ****

"C:\\ti\\ccsv6\\utils\\bin\\gmake" -k all 
gmake: Nothing to be done for 'all'.

**** Build Finished ****
